2017-10-22 03:24:28,925 WARN org.apache.hadoop.util.NativeCodeLoader: Unable to load native-hadoop library for your platform... using builtin-java classes where applicable
2017-10-22 03:24:30,228 INFO org.apache.hadoop.conf.Configuration.deprecation: session.id is deprecated. Instead, use dfs.metrics.session-id
2017-10-22 03:24:30,230 INFO org.apache.hadoop.metrics.jvm.JvmMetrics: Initializing JVM Metrics with processName=JobTracker, sessionId=
2017-10-22 03:24:30,531 WARN org.apache.hadoop.mapreduce.JobResourceUploader: Hadoop command-line option parsing not performed. Implement the Tool interface and execute your application with ToolRunner to remedy this.
2017-10-22 03:24:30,536 WARN org.apache.hadoop.mapreduce.JobResourceUploader: No job jar file set.  User classes may not be found. See Job or Job#setJar(String).
2017-10-22 03:24:30,752 INFO org.apache.hadoop.mapreduce.lib.input.FileInputFormat: Total input paths to process : 6
2017-10-22 03:24:30,813 INFO org.apache.hadoop.mapreduce.JobSubmitter: number of splits:6
2017-10-22 03:24:31,211 INFO org.apache.hadoop.mapreduce.JobSubmitter: Submitting tokens for job: job_local599178789_0001
2017-10-22 03:24:31,614 INFO org.apache.hadoop.mapreduce.Job: The url to track the job: http://localhost:8080/
2017-10-22 03:24:31,615 INFO org.apache.hadoop.mapreduce.Job: Running job: job_local599178789_0001
2017-10-22 03:24:31,618 INFO org.apache.hadoop.mapred.LocalJobRunner: OutputCommitter set in config null
2017-10-22 03:24:31,628 INFO org.apache.hadoop.mapreduce.lib.output.FileOutputCommitter: File Output Committer Algorithm version is 1
2017-10-22 03:24:31,631 INFO org.apache.hadoop.mapred.LocalJobRunner: OutputCommitter is org.apache.hadoop.mapreduce.lib.output.FileOutputCommitter
2017-10-22 03:24:31,736 INFO org.apache.hadoop.mapred.LocalJobRunner: Waiting for map tasks
2017-10-22 03:24:31,738 INFO org.apache.hadoop.mapred.LocalJobRunner: Starting task: attempt_local599178789_0001_m_000000_0
2017-10-22 03:24:31,784 INFO org.apache.hadoop.mapreduce.lib.output.FileOutputCommitter: File Output Committer Algorithm version is 1
2017-10-22 03:24:31,805 INFO org.apache.hadoop.mapred.Task:  Using ResourceCalculatorProcessTree : [ ]
2017-10-22 03:24:31,810 INFO org.apache.hadoop.mapred.MapTask: Processing split: hdfs://quickstart.cloudera:8020/user/cloudera/ex2/pg3200.txt:0+16013935
2017-10-22 03:24:31,921 INFO org.apache.hadoop.mapred.MapTask: (EQUATOR) 0 kvi 26214396(104857584)
2017-10-22 03:24:31,921 INFO org.apache.hadoop.mapred.MapTask: mapreduce.task.io.sort.mb: 100
2017-10-22 03:24:31,922 INFO org.apache.hadoop.mapred.MapTask: soft limit at 83886080
2017-10-22 03:24:31,922 INFO org.apache.hadoop.mapred.MapTask: bufstart = 0; bufvoid = 104857600
2017-10-22 03:24:31,922 INFO org.apache.hadoop.mapred.MapTask: kvstart = 26214396; length = 6553600
2017-10-22 03:24:31,928 INFO org.apache.hadoop.mapred.MapTask: Map output collector class = org.apache.hadoop.mapred.MapTask$MapOutputBuffer
2017-10-22 03:24:32,062 INFO org.apache.hadoop.mapreduce.lib.input.LineRecordReader: Found UTF-8 BOM and skipped it
2017-10-22 03:24:32,619 INFO org.apache.hadoop.mapreduce.Job: Job job_local599178789_0001 running in uber mode : false
2017-10-22 03:24:32,622 INFO org.apache.hadoop.mapreduce.Job:  map 0% reduce 0%
2017-10-22 03:24:36,368 INFO org.apache.hadoop.mapred.LocalJobRunner: 
2017-10-22 03:24:36,371 INFO org.apache.hadoop.mapred.MapTask: Starting flush of map output
2017-10-22 03:24:36,372 INFO org.apache.hadoop.mapred.MapTask: Spilling map output
2017-10-22 03:24:36,372 INFO org.apache.hadoop.mapred.MapTask: bufstart = 0; bufend = 25094401; bufvoid = 104857600
2017-10-22 03:24:36,372 INFO org.apache.hadoop.mapred.MapTask: kvstart = 26214396(104857584); kvend = 20551012(82204048); length = 5663385/6553600
2017-10-22 03:24:37,811 INFO org.apache.hadoop.mapred.LocalJobRunner: map > sort
2017-10-22 03:24:38,633 INFO org.apache.hadoop.mapreduce.Job:  map 11% reduce 0%
2017-10-22 03:24:39,258 INFO org.apache.hadoop.mapred.MapTask: Finished spill 0
2017-10-22 03:24:39,267 INFO org.apache.hadoop.mapred.Task: Task:attempt_local599178789_0001_m_000000_0 is done. And is in the process of committing
2017-10-22 03:24:39,271 INFO org.apache.hadoop.mapred.LocalJobRunner: map
2017-10-22 03:24:39,271 INFO org.apache.hadoop.mapred.Task: Task 'attempt_local599178789_0001_m_000000_0' done.
2017-10-22 03:24:39,271 INFO org.apache.hadoop.mapred.LocalJobRunner: Finishing task: attempt_local599178789_0001_m_000000_0
2017-10-22 03:24:39,272 INFO org.apache.hadoop.mapred.LocalJobRunner: Starting task: attempt_local599178789_0001_m_000001_0
2017-10-22 03:24:39,274 INFO org.apache.hadoop.mapreduce.lib.output.FileOutputCommitter: File Output Committer Algorithm version is 1
2017-10-22 03:24:39,275 INFO org.apache.hadoop.mapred.Task:  Using ResourceCalculatorProcessTree : [ ]
2017-10-22 03:24:39,278 INFO org.apache.hadoop.mapred.MapTask: Processing split: hdfs://quickstart.cloudera:8020/user/cloudera/ex2/pg100.txt:0+5589889
2017-10-22 03:24:39,309 INFO org.apache.hadoop.mapred.MapTask: (EQUATOR) 0 kvi 26214396(104857584)
2017-10-22 03:24:39,310 INFO org.apache.hadoop.mapred.MapTask: mapreduce.task.io.sort.mb: 100
2017-10-22 03:24:39,310 INFO org.apache.hadoop.mapred.MapTask: soft limit at 83886080
2017-10-22 03:24:39,311 INFO org.apache.hadoop.mapred.MapTask: bufstart = 0; bufvoid = 104857600
2017-10-22 03:24:39,311 INFO org.apache.hadoop.mapred.MapTask: kvstart = 26214396; length = 6553600
2017-10-22 03:24:39,318 INFO org.apache.hadoop.mapred.MapTask: Map output collector class = org.apache.hadoop.mapred.MapTask$MapOutputBuffer
2017-10-22 03:24:39,334 INFO org.apache.hadoop.mapreduce.lib.input.LineRecordReader: Found UTF-8 BOM and skipped it
2017-10-22 03:24:39,892 INFO org.apache.hadoop.mapreduce.Job:  map 100% reduce 0%
2017-10-22 03:24:40,759 INFO org.apache.hadoop.mapred.LocalJobRunner: 
2017-10-22 03:24:40,760 INFO org.apache.hadoop.mapred.MapTask: Starting flush of map output
2017-10-22 03:24:40,760 INFO org.apache.hadoop.mapred.MapTask: Spilling map output
2017-10-22 03:24:40,760 INFO org.apache.hadoop.mapred.MapTask: bufstart = 0; bufend = 8767341; bufvoid = 104857600
2017-10-22 03:24:40,760 INFO org.apache.hadoop.mapred.MapTask: kvstart = 26214396(104857584); kvend = 24033432(96133728); length = 2180965/6553600
2017-10-22 03:24:40,895 INFO org.apache.hadoop.mapreduce.Job:  map 17% reduce 0%
2017-10-22 03:24:41,621 INFO org.apache.hadoop.mapred.MapTask: Finished spill 0
2017-10-22 03:24:41,626 INFO org.apache.hadoop.mapred.Task: Task:attempt_local599178789_0001_m_000001_0 is done. And is in the process of committing
2017-10-22 03:24:41,633 INFO org.apache.hadoop.mapred.LocalJobRunner: map
2017-10-22 03:24:41,633 INFO org.apache.hadoop.mapred.Task: Task 'attempt_local599178789_0001_m_000001_0' done.
2017-10-22 03:24:41,634 INFO org.apache.hadoop.mapred.LocalJobRunner: Finishing task: attempt_local599178789_0001_m_000001_0
2017-10-22 03:24:41,634 INFO org.apache.hadoop.mapred.LocalJobRunner: Starting task: attempt_local599178789_0001_m_000002_0
2017-10-22 03:24:41,637 INFO org.apache.hadoop.mapreduce.lib.output.FileOutputCommitter: File Output Committer Algorithm version is 1
2017-10-22 03:24:41,638 INFO org.apache.hadoop.mapred.Task:  Using ResourceCalculatorProcessTree : [ ]
2017-10-22 03:24:41,641 INFO org.apache.hadoop.mapred.MapTask: Processing split: hdfs://quickstart.cloudera:8020/user/cloudera/ex2/pg2253.txt:0+170344
2017-10-22 03:24:41,667 INFO org.apache.hadoop.mapred.MapTask: (EQUATOR) 0 kvi 26214396(104857584)
2017-10-22 03:24:41,668 INFO org.apache.hadoop.mapred.MapTask: mapreduce.task.io.sort.mb: 100
2017-10-22 03:24:41,668 INFO org.apache.hadoop.mapred.MapTask: soft limit at 83886080
2017-10-22 03:24:41,668 INFO org.apache.hadoop.mapred.MapTask: bufstart = 0; bufvoid = 104857600
2017-10-22 03:24:41,668 INFO org.apache.hadoop.mapred.MapTask: kvstart = 26214396; length = 6553600
2017-10-22 03:24:41,669 INFO org.apache.hadoop.mapred.MapTask: Map output collector class = org.apache.hadoop.mapred.MapTask$MapOutputBuffer
2017-10-22 03:24:41,679 INFO org.apache.hadoop.mapreduce.lib.input.LineRecordReader: Found UTF-8 BOM and skipped it
2017-10-22 03:24:41,718 INFO org.apache.hadoop.mapred.LocalJobRunner: 
2017-10-22 03:24:41,719 INFO org.apache.hadoop.mapred.MapTask: Starting flush of map output
2017-10-22 03:24:41,719 INFO org.apache.hadoop.mapred.MapTask: Spilling map output
2017-10-22 03:24:41,719 INFO org.apache.hadoop.mapred.MapTask: bufstart = 0; bufend = 302370; bufvoid = 104857600
2017-10-22 03:24:41,719 INFO org.apache.hadoop.mapred.MapTask: kvstart = 26214396(104857584); kvend = 26144400(104577600); length = 69997/6553600
2017-10-22 03:24:41,747 INFO org.apache.hadoop.mapred.MapTask: Finished spill 0
2017-10-22 03:24:41,750 INFO org.apache.hadoop.mapred.Task: Task:attempt_local599178789_0001_m_000002_0 is done. And is in the process of committing
2017-10-22 03:24:41,754 INFO org.apache.hadoop.mapred.LocalJobRunner: map
2017-10-22 03:24:41,755 INFO org.apache.hadoop.mapred.Task: Task 'attempt_local599178789_0001_m_000002_0' done.
2017-10-22 03:24:41,755 INFO org.apache.hadoop.mapred.LocalJobRunner: Finishing task: attempt_local599178789_0001_m_000002_0
2017-10-22 03:24:41,755 INFO org.apache.hadoop.mapred.LocalJobRunner: Starting task: attempt_local599178789_0001_m_000003_0
2017-10-22 03:24:41,758 INFO org.apache.hadoop.mapreduce.lib.output.FileOutputCommitter: File Output Committer Algorithm version is 1
2017-10-22 03:24:41,759 INFO org.apache.hadoop.mapred.Task:  Using ResourceCalculatorProcessTree : [ ]
2017-10-22 03:24:41,761 INFO org.apache.hadoop.mapred.MapTask: Processing split: hdfs://quickstart.cloudera:8020/user/cloudera/ex2/pg1513.txt:0+159369
2017-10-22 03:24:41,788 INFO org.apache.hadoop.mapred.MapTask: (EQUATOR) 0 kvi 26214396(104857584)
2017-10-22 03:24:41,789 INFO org.apache.hadoop.mapred.MapTask: mapreduce.task.io.sort.mb: 100
2017-10-22 03:24:41,789 INFO org.apache.hadoop.mapred.MapTask: soft limit at 83886080
2017-10-22 03:24:41,789 INFO org.apache.hadoop.mapred.MapTask: bufstart = 0; bufvoid = 104857600
2017-10-22 03:24:41,789 INFO org.apache.hadoop.mapred.MapTask: kvstart = 26214396; length = 6553600
2017-10-22 03:24:41,790 INFO org.apache.hadoop.mapred.MapTask: Map output collector class = org.apache.hadoop.mapred.MapTask$MapOutputBuffer
2017-10-22 03:24:41,807 INFO org.apache.hadoop.mapreduce.lib.input.LineRecordReader: Found UTF-8 BOM and skipped it
2017-10-22 03:24:42,019 INFO org.apache.hadoop.mapreduce.Job:  map 100% reduce 0%
2017-10-22 03:24:42,041 INFO org.apache.hadoop.mapred.LocalJobRunner: 
2017-10-22 03:24:42,042 INFO org.apache.hadoop.mapred.MapTask: Starting flush of map output
2017-10-22 03:24:42,042 INFO org.apache.hadoop.mapred.MapTask: Spilling map output
2017-10-22 03:24:42,042 INFO org.apache.hadoop.mapred.MapTask: bufstart = 0; bufend = 282820; bufvoid = 104857600
2017-10-22 03:24:42,042 INFO org.apache.hadoop.mapred.MapTask: kvstart = 26214396(104857584); kvend = 26148116(104592464); length = 66281/6553600
2017-10-22 03:24:42,075 INFO org.apache.hadoop.mapred.MapTask: Finished spill 0
2017-10-22 03:24:42,078 INFO org.apache.hadoop.mapred.Task: Task:attempt_local599178789_0001_m_000003_0 is done. And is in the process of committing
2017-10-22 03:24:42,081 INFO org.apache.hadoop.mapred.LocalJobRunner: map
2017-10-22 03:24:42,082 INFO org.apache.hadoop.mapred.Task: Task 'attempt_local599178789_0001_m_000003_0' done.
2017-10-22 03:24:42,082 INFO org.apache.hadoop.mapred.LocalJobRunner: Finishing task: attempt_local599178789_0001_m_000003_0
2017-10-22 03:24:42,082 INFO org.apache.hadoop.mapred.LocalJobRunner: Starting task: attempt_local599178789_0001_m_000004_0
2017-10-22 03:24:42,086 INFO org.apache.hadoop.mapreduce.lib.output.FileOutputCommitter: File Output Committer Algorithm version is 1
2017-10-22 03:24:42,088 INFO org.apache.hadoop.mapred.Task:  Using ResourceCalculatorProcessTree : [ ]
2017-10-22 03:24:42,090 INFO org.apache.hadoop.mapred.MapTask: Processing split: hdfs://quickstart.cloudera:8020/user/cloudera/ex2/pg1120.txt:0+141589
2017-10-22 03:24:42,119 INFO org.apache.hadoop.mapred.MapTask: (EQUATOR) 0 kvi 26214396(104857584)
2017-10-22 03:24:42,119 INFO org.apache.hadoop.mapred.MapTask: mapreduce.task.io.sort.mb: 100
2017-10-22 03:24:42,119 INFO org.apache.hadoop.mapred.MapTask: soft limit at 83886080
2017-10-22 03:24:42,119 INFO org.apache.hadoop.mapred.MapTask: bufstart = 0; bufvoid = 104857600
2017-10-22 03:24:42,119 INFO org.apache.hadoop.mapred.MapTask: kvstart = 26214396; length = 6553600
2017-10-22 03:24:42,121 INFO org.apache.hadoop.mapred.MapTask: Map output collector class = org.apache.hadoop.mapred.MapTask$MapOutputBuffer
2017-10-22 03:24:42,133 INFO org.apache.hadoop.mapreduce.lib.input.LineRecordReader: Found UTF-8 BOM and skipped it
2017-10-22 03:24:42,164 INFO org.apache.hadoop.mapred.LocalJobRunner: 
2017-10-22 03:24:42,164 INFO org.apache.hadoop.mapred.MapTask: Starting flush of map output
2017-10-22 03:24:42,164 INFO org.apache.hadoop.mapred.MapTask: Spilling map output
2017-10-22 03:24:42,164 INFO org.apache.hadoop.mapred.MapTask: bufstart = 0; bufend = 237115; bufvoid = 104857600
2017-10-22 03:24:42,165 INFO org.apache.hadoop.mapred.MapTask: kvstart = 26214396(104857584); kvend = 26158976(104635904); length = 55421/6553600
2017-10-22 03:24:42,192 INFO org.apache.hadoop.mapred.MapTask: Finished spill 0
2017-10-22 03:24:42,195 INFO org.apache.hadoop.mapred.Task: Task:attempt_local599178789_0001_m_000004_0 is done. And is in the process of committing
2017-10-22 03:24:42,198 INFO org.apache.hadoop.mapred.LocalJobRunner: map
2017-10-22 03:24:42,199 INFO org.apache.hadoop.mapred.Task: Task 'attempt_local599178789_0001_m_000004_0' done.
2017-10-22 03:24:42,199 INFO org.apache.hadoop.mapred.LocalJobRunner: Finishing task: attempt_local599178789_0001_m_000004_0
2017-10-22 03:24:42,199 INFO org.apache.hadoop.mapred.LocalJobRunner: Starting task: attempt_local599178789_0001_m_000005_0
2017-10-22 03:24:42,202 INFO org.apache.hadoop.mapreduce.lib.output.FileOutputCommitter: File Output Committer Algorithm version is 1
2017-10-22 03:24:42,203 INFO org.apache.hadoop.mapred.Task:  Using ResourceCalculatorProcessTree : [ ]
2017-10-22 03:24:42,206 INFO org.apache.hadoop.mapred.MapTask: Processing split: hdfs://quickstart.cloudera:8020/user/cloudera/ex2/pg31100.txt:0+1987
2017-10-22 03:24:42,233 INFO org.apache.hadoop.mapred.MapTask: (EQUATOR) 0 kvi 26214396(104857584)
2017-10-22 03:24:42,233 INFO org.apache.hadoop.mapred.MapTask: mapreduce.task.io.sort.mb: 100
2017-10-22 03:24:42,233 INFO org.apache.hadoop.mapred.MapTask: soft limit at 83886080
2017-10-22 03:24:42,234 INFO org.apache.hadoop.mapred.MapTask: bufstart = 0; bufvoid = 104857600
2017-10-22 03:24:42,234 INFO org.apache.hadoop.mapred.MapTask: kvstart = 26214396; length = 6553600
2017-10-22 03:24:42,236 INFO org.apache.hadoop.mapred.MapTask: Map output collector class = org.apache.hadoop.mapred.MapTask$MapOutputBuffer
2017-10-22 03:24:42,247 INFO org.apache.hadoop.mapreduce.lib.input.LineRecordReader: Found UTF-8 BOM and skipped it
2017-10-22 03:24:42,249 INFO org.apache.hadoop.mapred.LocalJobRunner: 
2017-10-22 03:24:42,249 INFO org.apache.hadoop.mapred.MapTask: Starting flush of map output
2017-10-22 03:24:42,249 INFO org.apache.hadoop.mapred.MapTask: Spilling map output
2017-10-22 03:24:42,249 INFO org.apache.hadoop.mapred.MapTask: bufstart = 0; bufend = 3275; bufvoid = 104857600
2017-10-22 03:24:42,250 INFO org.apache.hadoop.mapred.MapTask: kvstart = 26214396(104857584); kvend = 26213708(104854832); length = 689/6553600
2017-10-22 03:24:42,252 INFO org.apache.hadoop.mapred.MapTask: Finished spill 0
2017-10-22 03:24:42,255 INFO org.apache.hadoop.mapred.Task: Task:attempt_local599178789_0001_m_000005_0 is done. And is in the process of committing
2017-10-22 03:24:42,259 INFO org.apache.hadoop.mapred.LocalJobRunner: map
2017-10-22 03:24:42,259 INFO org.apache.hadoop.mapred.Task: Task 'attempt_local599178789_0001_m_000005_0' done.
2017-10-22 03:24:42,259 INFO org.apache.hadoop.mapred.LocalJobRunner: Finishing task: attempt_local599178789_0001_m_000005_0
2017-10-22 03:24:42,259 INFO org.apache.hadoop.mapred.LocalJobRunner: map task executor complete.
2017-10-22 03:24:42,265 INFO org.apache.hadoop.mapred.LocalJobRunner: Waiting for reduce tasks
2017-10-22 03:24:42,265 INFO org.apache.hadoop.mapred.LocalJobRunner: Starting task: attempt_local599178789_0001_r_000000_0
2017-10-22 03:24:42,277 INFO org.apache.hadoop.mapreduce.lib.output.FileOutputCommitter: File Output Committer Algorithm version is 1
2017-10-22 03:24:42,278 INFO org.apache.hadoop.mapred.Task:  Using ResourceCalculatorProcessTree : [ ]
2017-10-22 03:24:42,282 INFO org.apache.hadoop.mapred.ReduceTask: Using ShuffleConsumerPlugin: org.apache.hadoop.mapreduce.task.reduce.Shuffle@77e0ec39
2017-10-22 03:24:42,301 INFO org.apache.hadoop.mapreduce.task.reduce.MergeManagerImpl: MergerManager: memoryLimit=625003712, maxSingleShuffleLimit=156250928, mergeThreshold=412502464, ioSortFactor=10, memToMemMergeOutputsThreshold=10
2017-10-22 03:24:42,305 INFO org.apache.hadoop.mapreduce.task.reduce.EventFetcher: attempt_local599178789_0001_r_000000_0 Thread started: EventFetcher for fetching Map Completion Events
2017-10-22 03:24:42,367 INFO org.apache.hadoop.mapreduce.task.reduce.LocalFetcher: localfetcher#1 about to shuffle output of map attempt_local599178789_0001_m_000005_0 decomp: 3623 len: 3627 to MEMORY
2017-10-22 03:24:42,370 INFO org.apache.hadoop.mapreduce.task.reduce.InMemoryMapOutput: Read 3623 bytes from map-output for attempt_local599178789_0001_m_000005_0
2017-10-22 03:24:42,372 INFO org.apache.hadoop.mapreduce.task.reduce.MergeManagerImpl: closeInMemoryFile -> map-output of size: 3623, inMemoryMapOutputs.size() -> 1, commitMemory -> 0, usedMemory ->3623
2017-10-22 03:24:42,390 INFO org.apache.hadoop.mapreduce.task.reduce.LocalFetcher: localfetcher#1 about to shuffle output of map attempt_local599178789_0001_m_000001_0 decomp: 9857827 len: 9857831 to MEMORY
2017-10-22 03:24:42,422 INFO org.apache.hadoop.mapreduce.task.reduce.InMemoryMapOutput: Read 9857827 bytes from map-output for attempt_local599178789_0001_m_000001_0
2017-10-22 03:24:42,423 INFO org.apache.hadoop.mapreduce.task.reduce.MergeManagerImpl: closeInMemoryFile -> map-output of size: 9857827, inMemoryMapOutputs.size() -> 2, commitMemory -> 3623, usedMemory ->9861450
2017-10-22 03:24:42,426 INFO org.apache.hadoop.mapreduce.task.reduce.LocalFetcher: localfetcher#1 about to shuffle output of map attempt_local599178789_0001_m_000004_0 decomp: 264829 len: 264833 to MEMORY
2017-10-22 03:24:42,428 INFO org.apache.hadoop.mapreduce.task.reduce.InMemoryMapOutput: Read 264829 bytes from map-output for attempt_local599178789_0001_m_000004_0
2017-10-22 03:24:42,428 INFO org.apache.hadoop.mapreduce.task.reduce.MergeManagerImpl: closeInMemoryFile -> map-output of size: 264829, inMemoryMapOutputs.size() -> 3, commitMemory -> 9861450, usedMemory ->10126279
2017-10-22 03:24:42,432 INFO org.apache.hadoop.mapreduce.task.reduce.LocalFetcher: localfetcher#1 about to shuffle output of map attempt_local599178789_0001_m_000003_0 decomp: 315964 len: 315968 to MEMORY
2017-10-22 03:24:42,434 INFO org.apache.hadoop.mapreduce.task.reduce.InMemoryMapOutput: Read 315964 bytes from map-output for attempt_local599178789_0001_m_000003_0
2017-10-22 03:24:42,434 INFO org.apache.hadoop.mapreduce.task.reduce.MergeManagerImpl: closeInMemoryFile -> map-output of size: 315964, inMemoryMapOutputs.size() -> 4, commitMemory -> 10126279, usedMemory ->10442243
2017-10-22 03:24:42,454 INFO org.apache.hadoop.mapreduce.task.reduce.LocalFetcher: localfetcher#1 about to shuffle output of map attempt_local599178789_0001_m_000000_0 decomp: 27926097 len: 27926101 to MEMORY
2017-10-22 03:24:42,537 INFO org.apache.hadoop.mapreduce.task.reduce.InMemoryMapOutput: Read 27926097 bytes from map-output for attempt_local599178789_0001_m_000000_0
2017-10-22 03:24:42,537 INFO org.apache.hadoop.mapreduce.task.reduce.MergeManagerImpl: closeInMemoryFile -> map-output of size: 27926097, inMemoryMapOutputs.size() -> 5, commitMemory -> 10442243, usedMemory ->38368340
2017-10-22 03:24:42,541 INFO org.apache.hadoop.mapreduce.task.reduce.LocalFetcher: localfetcher#1 about to shuffle output of map attempt_local599178789_0001_m_000002_0 decomp: 337372 len: 337376 to MEMORY
2017-10-22 03:24:42,544 INFO org.apache.hadoop.mapreduce.task.reduce.InMemoryMapOutput: Read 337372 bytes from map-output for attempt_local599178789_0001_m_000002_0
2017-10-22 03:24:42,544 INFO org.apache.hadoop.mapreduce.task.reduce.MergeManagerImpl: closeInMemoryFile -> map-output of size: 337372, inMemoryMapOutputs.size() -> 6, commitMemory -> 38368340, usedMemory ->38705712
2017-10-22 03:24:42,545 INFO org.apache.hadoop.mapreduce.task.reduce.EventFetcher: EventFetcher is interrupted.. Returning
2017-10-22 03:24:42,549 INFO org.apache.hadoop.mapred.LocalJobRunner: 6 / 6 copied.
2017-10-22 03:24:42,550 INFO org.apache.hadoop.mapreduce.task.reduce.MergeManagerImpl: finalMerge called with 6 in-memory map-outputs and 0 on-disk map-outputs
2017-10-22 03:24:42,560 INFO org.apache.hadoop.mapred.Merger: Merging 6 sorted segments
2017-10-22 03:24:42,561 INFO org.apache.hadoop.mapred.Merger: Down to the last merge-pass, with 6 segments left of total size: 38705683 bytes
2017-10-22 03:24:44,555 INFO org.apache.hadoop.mapreduce.task.reduce.MergeManagerImpl: Merged 6 segments, 38705712 bytes to disk to satisfy reduce memory limit
2017-10-22 03:24:44,556 INFO org.apache.hadoop.mapreduce.task.reduce.MergeManagerImpl: Merging 1 files, 38705706 bytes from disk
2017-10-22 03:24:44,558 INFO org.apache.hadoop.mapreduce.task.reduce.MergeManagerImpl: Merging 0 segments, 0 bytes from memory into reduce
2017-10-22 03:24:44,558 INFO org.apache.hadoop.mapred.Merger: Merging 1 sorted segments
2017-10-22 03:24:44,559 INFO org.apache.hadoop.mapred.Merger: Down to the last merge-pass, with 1 segments left of total size: 38705698 bytes
2017-10-22 03:24:44,560 INFO org.apache.hadoop.mapred.LocalJobRunner: 6 / 6 copied.
2017-10-22 03:24:44,573 INFO org.apache.hadoop.conf.Configuration.deprecation: mapred.skip.on is deprecated. Instead, use mapreduce.job.skiprecords
2017-10-22 03:24:48,252 INFO org.apache.hadoop.mapred.Task: Task:attempt_local599178789_0001_r_000000_0 is done. And is in the process of committing
2017-10-22 03:24:48,255 INFO org.apache.hadoop.mapred.LocalJobRunner: 6 / 6 copied.
2017-10-22 03:24:48,255 INFO org.apache.hadoop.mapred.Task: Task attempt_local599178789_0001_r_000000_0 is allowed to commit now
2017-10-22 03:24:48,257 INFO org.apache.hadoop.mapreduce.lib.output.FileOutputCommitter: Saved output of task 'attempt_local599178789_0001_r_000000_0' to file:/home/cloudera/workspace/InvertedIndex/output/out1/_temporary/0/task_local599178789_0001_r_000000
2017-10-22 03:24:48,260 INFO org.apache.hadoop.mapred.LocalJobRunner: reduce > reduce
2017-10-22 03:24:48,260 INFO org.apache.hadoop.mapred.Task: Task 'attempt_local599178789_0001_r_000000_0' done.
2017-10-22 03:24:48,261 INFO org.apache.hadoop.mapred.LocalJobRunner: Finishing task: attempt_local599178789_0001_r_000000_0
2017-10-22 03:24:48,261 INFO org.apache.hadoop.mapred.LocalJobRunner: reduce task executor complete.
2017-10-22 03:24:49,028 INFO org.apache.hadoop.mapreduce.Job:  map 100% reduce 100%
2017-10-22 03:24:49,030 INFO org.apache.hadoop.mapreduce.Job: Job job_local599178789_0001 completed successfully
2017-10-22 03:24:49,094 INFO org.apache.hadoop.mapreduce.Job: Counters: 38
	File System Counters
		FILE: Number of bytes read=77432783
		FILE: Number of bytes written=301466698
		FILE: Number of read operations=0
		FILE: Number of large read operations=0
		FILE: Number of write operations=0
		HDFS: Number of bytes read=147554816
		HDFS: Number of bytes written=0
		HDFS: Number of read operations=41
		HDFS: Number of large read operations=0
		HDFS: Number of write operations=0
	Map-Reduce Framework
		Map input records=440478
		Map output records=2009189
		Map output bytes=34687322
		Map output materialized bytes=38705736
		Input split bytes=750
		Combine input records=0
		Combine output records=0
		Reduce input groups=107220
		Reduce shuffle bytes=38705736
		Reduce input records=2009189
		Reduce output records=107220
		Spilled Records=4018378
		Shuffled Maps =6
		Failed Shuffles=0
		Merged Map outputs=6
		GC time elapsed (ms)=630
		CPU time spent (ms)=0
		Physical memory (bytes) snapshot=0
		Virtual memory (bytes) snapshot=0
		Total committed heap usage (bytes)=4044357632
	Shuffle Errors
		BAD_ID=0
		CONNECTION=0
		IO_ERROR=0
		WRONG_LENGTH=0
		WRONG_MAP=0
		WRONG_REDUCE=0
	File Input Format Counters 
		Bytes Read=22077113
	File Output Format Counters 
		Bytes Written=2522111
2017-10-22 03:46:56,785 WARN org.apache.hadoop.util.NativeCodeLoader: Unable to load native-hadoop library for your platform... using builtin-java classes where applicable
2017-10-22 03:46:58,141 INFO org.apache.hadoop.conf.Configuration.deprecation: session.id is deprecated. Instead, use dfs.metrics.session-id
2017-10-22 03:46:58,143 INFO org.apache.hadoop.metrics.jvm.JvmMetrics: Initializing JVM Metrics with processName=JobTracker, sessionId=
2017-10-22 03:46:58,455 WARN org.apache.hadoop.mapreduce.JobResourceUploader: Hadoop command-line option parsing not performed. Implement the Tool interface and execute your application with ToolRunner to remedy this.
2017-10-22 03:46:58,466 WARN org.apache.hadoop.mapreduce.JobResourceUploader: No job jar file set.  User classes may not be found. See Job or Job#setJar(String).
2017-10-22 03:46:58,692 INFO org.apache.hadoop.mapreduce.lib.input.FileInputFormat: Total input paths to process : 6
2017-10-22 03:46:58,758 INFO org.apache.hadoop.mapreduce.JobSubmitter: number of splits:6
2017-10-22 03:46:59,181 INFO org.apache.hadoop.mapreduce.JobSubmitter: Submitting tokens for job: job_local92906238_0001
2017-10-22 03:46:59,617 INFO org.apache.hadoop.mapreduce.Job: The url to track the job: http://localhost:8080/
2017-10-22 03:46:59,618 INFO org.apache.hadoop.mapreduce.Job: Running job: job_local92906238_0001
2017-10-22 03:46:59,623 INFO org.apache.hadoop.mapred.LocalJobRunner: OutputCommitter set in config null
2017-10-22 03:46:59,633 INFO org.apache.hadoop.mapreduce.lib.output.FileOutputCommitter: File Output Committer Algorithm version is 1
2017-10-22 03:46:59,636 INFO org.apache.hadoop.mapred.LocalJobRunner: OutputCommitter is org.apache.hadoop.mapreduce.lib.output.FileOutputCommitter
2017-10-22 03:46:59,726 INFO org.apache.hadoop.mapred.LocalJobRunner: Waiting for map tasks
2017-10-22 03:46:59,728 INFO org.apache.hadoop.mapred.LocalJobRunner: Starting task: attempt_local92906238_0001_m_000000_0
2017-10-22 03:46:59,767 INFO org.apache.hadoop.mapreduce.lib.output.FileOutputCommitter: File Output Committer Algorithm version is 1
2017-10-22 03:46:59,799 INFO org.apache.hadoop.mapred.Task:  Using ResourceCalculatorProcessTree : [ ]
2017-10-22 03:46:59,806 INFO org.apache.hadoop.mapred.MapTask: Processing split: hdfs://quickstart.cloudera:8020/user/cloudera/ex2/pg3200.txt:0+16013935
2017-10-22 03:46:59,920 INFO org.apache.hadoop.mapred.MapTask: (EQUATOR) 0 kvi 26214396(104857584)
2017-10-22 03:46:59,921 INFO org.apache.hadoop.mapred.MapTask: mapreduce.task.io.sort.mb: 100
2017-10-22 03:46:59,921 INFO org.apache.hadoop.mapred.MapTask: soft limit at 83886080
2017-10-22 03:46:59,921 INFO org.apache.hadoop.mapred.MapTask: bufstart = 0; bufvoid = 104857600
2017-10-22 03:46:59,921 INFO org.apache.hadoop.mapred.MapTask: kvstart = 26214396; length = 6553600
2017-10-22 03:46:59,926 INFO org.apache.hadoop.mapred.MapTask: Map output collector class = org.apache.hadoop.mapred.MapTask$MapOutputBuffer
2017-10-22 03:47:00,055 INFO org.apache.hadoop.mapreduce.lib.input.LineRecordReader: Found UTF-8 BOM and skipped it
2017-10-22 03:47:00,623 INFO org.apache.hadoop.mapreduce.Job: Job job_local92906238_0001 running in uber mode : false
2017-10-22 03:47:00,627 INFO org.apache.hadoop.mapreduce.Job:  map 0% reduce 0%
2017-10-22 03:47:04,654 INFO org.apache.hadoop.mapred.LocalJobRunner: 
2017-10-22 03:47:04,658 INFO org.apache.hadoop.mapred.MapTask: Starting flush of map output
2017-10-22 03:47:04,658 INFO org.apache.hadoop.mapred.MapTask: Spilling map output
2017-10-22 03:47:04,658 INFO org.apache.hadoop.mapred.MapTask: bufstart = 0; bufend = 25094401; bufvoid = 104857600
2017-10-22 03:47:04,659 INFO org.apache.hadoop.mapred.MapTask: kvstart = 26214396(104857584); kvend = 20551012(82204048); length = 5663385/6553600
2017-10-22 03:47:05,793 INFO org.apache.hadoop.mapred.LocalJobRunner: map > sort
2017-10-22 03:47:06,639 INFO org.apache.hadoop.mapreduce.Job:  map 11% reduce 0%
2017-10-22 03:47:07,634 INFO org.apache.hadoop.mapred.MapTask: Finished spill 0
2017-10-22 03:47:07,639 INFO org.apache.hadoop.mapred.Task: Task:attempt_local92906238_0001_m_000000_0 is done. And is in the process of committing
2017-10-22 03:47:07,643 INFO org.apache.hadoop.mapred.LocalJobRunner: map
2017-10-22 03:47:07,644 INFO org.apache.hadoop.mapred.Task: Task 'attempt_local92906238_0001_m_000000_0' done.
2017-10-22 03:47:07,644 INFO org.apache.hadoop.mapred.LocalJobRunner: Finishing task: attempt_local92906238_0001_m_000000_0
2017-10-22 03:47:07,644 INFO org.apache.hadoop.mapred.LocalJobRunner: Starting task: attempt_local92906238_0001_m_000001_0
2017-10-22 03:47:07,648 INFO org.apache.hadoop.mapreduce.lib.output.FileOutputCommitter: File Output Committer Algorithm version is 1
2017-10-22 03:47:07,649 INFO org.apache.hadoop.mapred.Task:  Using ResourceCalculatorProcessTree : [ ]
2017-10-22 03:47:07,651 INFO org.apache.hadoop.mapred.MapTask: Processing split: hdfs://quickstart.cloudera:8020/user/cloudera/ex2/pg100.txt:0+5589889
2017-10-22 03:47:07,685 INFO org.apache.hadoop.mapred.MapTask: (EQUATOR) 0 kvi 26214396(104857584)
2017-10-22 03:47:07,685 INFO org.apache.hadoop.mapred.MapTask: mapreduce.task.io.sort.mb: 100
2017-10-22 03:47:07,685 INFO org.apache.hadoop.mapred.MapTask: soft limit at 83886080
2017-10-22 03:47:07,686 INFO org.apache.hadoop.mapred.MapTask: bufstart = 0; bufvoid = 104857600
2017-10-22 03:47:07,687 INFO org.apache.hadoop.mapred.MapTask: kvstart = 26214396; length = 6553600
2017-10-22 03:47:07,698 INFO org.apache.hadoop.mapred.MapTask: Map output collector class = org.apache.hadoop.mapred.MapTask$MapOutputBuffer
2017-10-22 03:47:07,710 INFO org.apache.hadoop.mapreduce.lib.input.LineRecordReader: Found UTF-8 BOM and skipped it
2017-10-22 03:47:08,643 INFO org.apache.hadoop.mapreduce.Job:  map 100% reduce 0%
2017-10-22 03:47:09,093 INFO org.apache.hadoop.mapred.LocalJobRunner: 
2017-10-22 03:47:09,093 INFO org.apache.hadoop.mapred.MapTask: Starting flush of map output
2017-10-22 03:47:09,093 INFO org.apache.hadoop.mapred.MapTask: Spilling map output
2017-10-22 03:47:09,093 INFO org.apache.hadoop.mapred.MapTask: bufstart = 0; bufend = 8767341; bufvoid = 104857600
2017-10-22 03:47:09,094 INFO org.apache.hadoop.mapred.MapTask: kvstart = 26214396(104857584); kvend = 24033432(96133728); length = 2180965/6553600
2017-10-22 03:47:09,645 INFO org.apache.hadoop.mapreduce.Job:  map 17% reduce 0%
2017-10-22 03:47:09,995 INFO org.apache.hadoop.mapred.MapTask: Finished spill 0
2017-10-22 03:47:09,998 INFO org.apache.hadoop.mapred.Task: Task:attempt_local92906238_0001_m_000001_0 is done. And is in the process of committing
2017-10-22 03:47:10,004 INFO org.apache.hadoop.mapred.LocalJobRunner: map
2017-10-22 03:47:10,004 INFO org.apache.hadoop.mapred.Task: Task 'attempt_local92906238_0001_m_000001_0' done.
2017-10-22 03:47:10,004 INFO org.apache.hadoop.mapred.LocalJobRunner: Finishing task: attempt_local92906238_0001_m_000001_0
2017-10-22 03:47:10,005 INFO org.apache.hadoop.mapred.LocalJobRunner: Starting task: attempt_local92906238_0001_m_000002_0
2017-10-22 03:47:10,007 INFO org.apache.hadoop.mapreduce.lib.output.FileOutputCommitter: File Output Committer Algorithm version is 1
2017-10-22 03:47:10,008 INFO org.apache.hadoop.mapred.Task:  Using ResourceCalculatorProcessTree : [ ]
2017-10-22 03:47:10,011 INFO org.apache.hadoop.mapred.MapTask: Processing split: hdfs://quickstart.cloudera:8020/user/cloudera/ex2/pg2253.txt:0+170344
2017-10-22 03:47:10,038 INFO org.apache.hadoop.mapred.MapTask: (EQUATOR) 0 kvi 26214396(104857584)
2017-10-22 03:47:10,038 INFO org.apache.hadoop.mapred.MapTask: mapreduce.task.io.sort.mb: 100
2017-10-22 03:47:10,038 INFO org.apache.hadoop.mapred.MapTask: soft limit at 83886080
2017-10-22 03:47:10,038 INFO org.apache.hadoop.mapred.MapTask: bufstart = 0; bufvoid = 104857600
2017-10-22 03:47:10,038 INFO org.apache.hadoop.mapred.MapTask: kvstart = 26214396; length = 6553600
2017-10-22 03:47:10,041 INFO org.apache.hadoop.mapred.MapTask: Map output collector class = org.apache.hadoop.mapred.MapTask$MapOutputBuffer
2017-10-22 03:47:10,051 INFO org.apache.hadoop.mapreduce.lib.input.LineRecordReader: Found UTF-8 BOM and skipped it
2017-10-22 03:47:10,088 INFO org.apache.hadoop.mapred.LocalJobRunner: 
2017-10-22 03:47:10,088 INFO org.apache.hadoop.mapred.MapTask: Starting flush of map output
2017-10-22 03:47:10,088 INFO org.apache.hadoop.mapred.MapTask: Spilling map output
2017-10-22 03:47:10,088 INFO org.apache.hadoop.mapred.MapTask: bufstart = 0; bufend = 302370; bufvoid = 104857600
2017-10-22 03:47:10,088 INFO org.apache.hadoop.mapred.MapTask: kvstart = 26214396(104857584); kvend = 26144400(104577600); length = 69997/6553600
2017-10-22 03:47:10,115 INFO org.apache.hadoop.mapred.MapTask: Finished spill 0
2017-10-22 03:47:10,119 INFO org.apache.hadoop.mapred.Task: Task:attempt_local92906238_0001_m_000002_0 is done. And is in the process of committing
2017-10-22 03:47:10,124 INFO org.apache.hadoop.mapred.LocalJobRunner: map
2017-10-22 03:47:10,125 INFO org.apache.hadoop.mapred.Task: Task 'attempt_local92906238_0001_m_000002_0' done.
2017-10-22 03:47:10,126 INFO org.apache.hadoop.mapred.LocalJobRunner: Finishing task: attempt_local92906238_0001_m_000002_0
2017-10-22 03:47:10,126 INFO org.apache.hadoop.mapred.LocalJobRunner: Starting task: attempt_local92906238_0001_m_000003_0
2017-10-22 03:47:10,132 INFO org.apache.hadoop.mapreduce.lib.output.FileOutputCommitter: File Output Committer Algorithm version is 1
2017-10-22 03:47:10,133 INFO org.apache.hadoop.mapred.Task:  Using ResourceCalculatorProcessTree : [ ]
2017-10-22 03:47:10,136 INFO org.apache.hadoop.mapred.MapTask: Processing split: hdfs://quickstart.cloudera:8020/user/cloudera/ex2/pg1513.txt:0+159369
2017-10-22 03:47:10,160 INFO org.apache.hadoop.mapred.MapTask: (EQUATOR) 0 kvi 26214396(104857584)
2017-10-22 03:47:10,166 INFO org.apache.hadoop.mapred.MapTask: mapreduce.task.io.sort.mb: 100
2017-10-22 03:47:10,166 INFO org.apache.hadoop.mapred.MapTask: soft limit at 83886080
2017-10-22 03:47:10,166 INFO org.apache.hadoop.mapred.MapTask: bufstart = 0; bufvoid = 104857600
2017-10-22 03:47:10,167 INFO org.apache.hadoop.mapred.MapTask: kvstart = 26214396; length = 6553600
2017-10-22 03:47:10,168 INFO org.apache.hadoop.mapred.MapTask: Map output collector class = org.apache.hadoop.mapred.MapTask$MapOutputBuffer
2017-10-22 03:47:10,178 INFO org.apache.hadoop.mapreduce.lib.input.LineRecordReader: Found UTF-8 BOM and skipped it
2017-10-22 03:47:10,400 INFO org.apache.hadoop.mapred.LocalJobRunner: 
2017-10-22 03:47:10,400 INFO org.apache.hadoop.mapred.MapTask: Starting flush of map output
2017-10-22 03:47:10,400 INFO org.apache.hadoop.mapred.MapTask: Spilling map output
2017-10-22 03:47:10,400 INFO org.apache.hadoop.mapred.MapTask: bufstart = 0; bufend = 282820; bufvoid = 104857600
2017-10-22 03:47:10,401 INFO org.apache.hadoop.mapred.MapTask: kvstart = 26214396(104857584); kvend = 26148116(104592464); length = 66281/6553600
2017-10-22 03:47:10,427 INFO org.apache.hadoop.mapred.MapTask: Finished spill 0
2017-10-22 03:47:10,429 INFO org.apache.hadoop.mapred.Task: Task:attempt_local92906238_0001_m_000003_0 is done. And is in the process of committing
2017-10-22 03:47:10,434 INFO org.apache.hadoop.mapred.LocalJobRunner: map
2017-10-22 03:47:10,434 INFO org.apache.hadoop.mapred.Task: Task 'attempt_local92906238_0001_m_000003_0' done.
2017-10-22 03:47:10,434 INFO org.apache.hadoop.mapred.LocalJobRunner: Finishing task: attempt_local92906238_0001_m_000003_0
2017-10-22 03:47:10,435 INFO org.apache.hadoop.mapred.LocalJobRunner: Starting task: attempt_local92906238_0001_m_000004_0
2017-10-22 03:47:10,438 INFO org.apache.hadoop.mapreduce.lib.output.FileOutputCommitter: File Output Committer Algorithm version is 1
2017-10-22 03:47:10,439 INFO org.apache.hadoop.mapred.Task:  Using ResourceCalculatorProcessTree : [ ]
2017-10-22 03:47:10,442 INFO org.apache.hadoop.mapred.MapTask: Processing split: hdfs://quickstart.cloudera:8020/user/cloudera/ex2/pg1120.txt:0+141589
2017-10-22 03:47:10,470 INFO org.apache.hadoop.mapred.MapTask: (EQUATOR) 0 kvi 26214396(104857584)
2017-10-22 03:47:10,470 INFO org.apache.hadoop.mapred.MapTask: mapreduce.task.io.sort.mb: 100
2017-10-22 03:47:10,470 INFO org.apache.hadoop.mapred.MapTask: soft limit at 83886080
2017-10-22 03:47:10,470 INFO org.apache.hadoop.mapred.MapTask: bufstart = 0; bufvoid = 104857600
2017-10-22 03:47:10,470 INFO org.apache.hadoop.mapred.MapTask: kvstart = 26214396; length = 6553600
2017-10-22 03:47:10,472 INFO org.apache.hadoop.mapred.MapTask: Map output collector class = org.apache.hadoop.mapred.MapTask$MapOutputBuffer
2017-10-22 03:47:10,484 INFO org.apache.hadoop.mapreduce.lib.input.LineRecordReader: Found UTF-8 BOM and skipped it
2017-10-22 03:47:10,516 INFO org.apache.hadoop.mapred.LocalJobRunner: 
2017-10-22 03:47:10,516 INFO org.apache.hadoop.mapred.MapTask: Starting flush of map output
2017-10-22 03:47:10,517 INFO org.apache.hadoop.mapred.MapTask: Spilling map output
2017-10-22 03:47:10,517 INFO org.apache.hadoop.mapred.MapTask: bufstart = 0; bufend = 237115; bufvoid = 104857600
2017-10-22 03:47:10,517 INFO org.apache.hadoop.mapred.MapTask: kvstart = 26214396(104857584); kvend = 26158976(104635904); length = 55421/6553600
2017-10-22 03:47:10,547 INFO org.apache.hadoop.mapred.MapTask: Finished spill 0
2017-10-22 03:47:10,550 INFO org.apache.hadoop.mapred.Task: Task:attempt_local92906238_0001_m_000004_0 is done. And is in the process of committing
2017-10-22 03:47:10,554 INFO org.apache.hadoop.mapred.LocalJobRunner: map
2017-10-22 03:47:10,554 INFO org.apache.hadoop.mapred.Task: Task 'attempt_local92906238_0001_m_000004_0' done.
2017-10-22 03:47:10,554 INFO org.apache.hadoop.mapred.LocalJobRunner: Finishing task: attempt_local92906238_0001_m_000004_0
2017-10-22 03:47:10,554 INFO org.apache.hadoop.mapred.LocalJobRunner: Starting task: attempt_local92906238_0001_m_000005_0
2017-10-22 03:47:10,559 INFO org.apache.hadoop.mapreduce.lib.output.FileOutputCommitter: File Output Committer Algorithm version is 1
2017-10-22 03:47:10,561 INFO org.apache.hadoop.mapred.Task:  Using ResourceCalculatorProcessTree : [ ]
2017-10-22 03:47:10,566 INFO org.apache.hadoop.mapred.MapTask: Processing split: hdfs://quickstart.cloudera:8020/user/cloudera/ex2/pg31100.txt:0+1987
2017-10-22 03:47:10,595 INFO org.apache.hadoop.mapred.MapTask: (EQUATOR) 0 kvi 26214396(104857584)
2017-10-22 03:47:10,596 INFO org.apache.hadoop.mapred.MapTask: mapreduce.task.io.sort.mb: 100
2017-10-22 03:47:10,596 INFO org.apache.hadoop.mapred.MapTask: soft limit at 83886080
2017-10-22 03:47:10,596 INFO org.apache.hadoop.mapred.MapTask: bufstart = 0; bufvoid = 104857600
2017-10-22 03:47:10,596 INFO org.apache.hadoop.mapred.MapTask: kvstart = 26214396; length = 6553600
2017-10-22 03:47:10,598 INFO org.apache.hadoop.mapred.MapTask: Map output collector class = org.apache.hadoop.mapred.MapTask$MapOutputBuffer
2017-10-22 03:47:10,609 INFO org.apache.hadoop.mapreduce.lib.input.LineRecordReader: Found UTF-8 BOM and skipped it
2017-10-22 03:47:10,610 INFO org.apache.hadoop.mapred.LocalJobRunner: 
2017-10-22 03:47:10,610 INFO org.apache.hadoop.mapred.MapTask: Starting flush of map output
2017-10-22 03:47:10,611 INFO org.apache.hadoop.mapred.MapTask: Spilling map output
2017-10-22 03:47:10,611 INFO org.apache.hadoop.mapred.MapTask: bufstart = 0; bufend = 3275; bufvoid = 104857600
2017-10-22 03:47:10,611 INFO org.apache.hadoop.mapred.MapTask: kvstart = 26214396(104857584); kvend = 26213708(104854832); length = 689/6553600
2017-10-22 03:47:10,615 INFO org.apache.hadoop.mapred.MapTask: Finished spill 0
2017-10-22 03:47:10,619 INFO org.apache.hadoop.mapred.Task: Task:attempt_local92906238_0001_m_000005_0 is done. And is in the process of committing
2017-10-22 03:47:10,624 INFO org.apache.hadoop.mapred.LocalJobRunner: map
2017-10-22 03:47:10,624 INFO org.apache.hadoop.mapred.Task: Task 'attempt_local92906238_0001_m_000005_0' done.
2017-10-22 03:47:10,624 INFO org.apache.hadoop.mapred.LocalJobRunner: Finishing task: attempt_local92906238_0001_m_000005_0
2017-10-22 03:47:10,624 INFO org.apache.hadoop.mapred.LocalJobRunner: map task executor complete.
2017-10-22 03:47:10,633 INFO org.apache.hadoop.mapred.LocalJobRunner: Waiting for reduce tasks
2017-10-22 03:47:10,633 INFO org.apache.hadoop.mapred.LocalJobRunner: Starting task: attempt_local92906238_0001_r_000000_0
2017-10-22 03:47:10,646 INFO org.apache.hadoop.mapreduce.Job:  map 100% reduce 0%
2017-10-22 03:47:10,651 INFO org.apache.hadoop.mapreduce.lib.output.FileOutputCommitter: File Output Committer Algorithm version is 1
2017-10-22 03:47:10,652 INFO org.apache.hadoop.mapred.Task:  Using ResourceCalculatorProcessTree : [ ]
2017-10-22 03:47:10,656 INFO org.apache.hadoop.mapred.ReduceTask: Using ShuffleConsumerPlugin: org.apache.hadoop.mapreduce.task.reduce.Shuffle@562c0dee
2017-10-22 03:47:10,676 INFO org.apache.hadoop.mapreduce.task.reduce.MergeManagerImpl: MergerManager: memoryLimit=625003712, maxSingleShuffleLimit=156250928, mergeThreshold=412502464, ioSortFactor=10, memToMemMergeOutputsThreshold=10
2017-10-22 03:47:10,681 INFO org.apache.hadoop.mapreduce.task.reduce.EventFetcher: attempt_local92906238_0001_r_000000_0 Thread started: EventFetcher for fetching Map Completion Events
2017-10-22 03:47:10,741 INFO org.apache.hadoop.mapreduce.task.reduce.LocalFetcher: localfetcher#1 about to shuffle output of map attempt_local92906238_0001_m_000001_0 decomp: 9857827 len: 9857831 to MEMORY
2017-10-22 03:47:10,775 INFO org.apache.hadoop.mapreduce.task.reduce.InMemoryMapOutput: Read 9857827 bytes from map-output for attempt_local92906238_0001_m_000001_0
2017-10-22 03:47:10,778 INFO org.apache.hadoop.mapreduce.task.reduce.MergeManagerImpl: closeInMemoryFile -> map-output of size: 9857827, inMemoryMapOutputs.size() -> 1, commitMemory -> 0, usedMemory ->9857827
2017-10-22 03:47:10,784 INFO org.apache.hadoop.mapreduce.task.reduce.LocalFetcher: localfetcher#1 about to shuffle output of map attempt_local92906238_0001_m_000002_0 decomp: 337372 len: 337376 to MEMORY
2017-10-22 03:47:10,786 INFO org.apache.hadoop.mapreduce.task.reduce.InMemoryMapOutput: Read 337372 bytes from map-output for attempt_local92906238_0001_m_000002_0
2017-10-22 03:47:10,786 INFO org.apache.hadoop.mapreduce.task.reduce.MergeManagerImpl: closeInMemoryFile -> map-output of size: 337372, inMemoryMapOutputs.size() -> 2, commitMemory -> 9857827, usedMemory ->10195199
2017-10-22 03:47:10,789 INFO org.apache.hadoop.mapreduce.task.reduce.LocalFetcher: localfetcher#1 about to shuffle output of map attempt_local92906238_0001_m_000003_0 decomp: 315964 len: 315968 to MEMORY
2017-10-22 03:47:10,792 INFO org.apache.hadoop.mapreduce.task.reduce.InMemoryMapOutput: Read 315964 bytes from map-output for attempt_local92906238_0001_m_000003_0
2017-10-22 03:47:10,792 INFO org.apache.hadoop.mapreduce.task.reduce.MergeManagerImpl: closeInMemoryFile -> map-output of size: 315964, inMemoryMapOutputs.size() -> 3, commitMemory -> 10195199, usedMemory ->10511163
2017-10-22 03:47:10,796 INFO org.apache.hadoop.mapreduce.task.reduce.LocalFetcher: localfetcher#1 about to shuffle output of map attempt_local92906238_0001_m_000005_0 decomp: 3623 len: 3627 to MEMORY
2017-10-22 03:47:10,797 INFO org.apache.hadoop.mapreduce.task.reduce.InMemoryMapOutput: Read 3623 bytes from map-output for attempt_local92906238_0001_m_000005_0
2017-10-22 03:47:10,797 INFO org.apache.hadoop.mapreduce.task.reduce.MergeManagerImpl: closeInMemoryFile -> map-output of size: 3623, inMemoryMapOutputs.size() -> 4, commitMemory -> 10511163, usedMemory ->10514786
2017-10-22 03:47:10,800 INFO org.apache.hadoop.mapreduce.task.reduce.LocalFetcher: localfetcher#1 about to shuffle output of map attempt_local92906238_0001_m_000004_0 decomp: 264829 len: 264833 to MEMORY
2017-10-22 03:47:10,802 INFO org.apache.hadoop.mapreduce.task.reduce.InMemoryMapOutput: Read 264829 bytes from map-output for attempt_local92906238_0001_m_000004_0
2017-10-22 03:47:10,802 INFO org.apache.hadoop.mapreduce.task.reduce.MergeManagerImpl: closeInMemoryFile -> map-output of size: 264829, inMemoryMapOutputs.size() -> 5, commitMemory -> 10514786, usedMemory ->10779615
2017-10-22 03:47:10,833 INFO org.apache.hadoop.mapreduce.task.reduce.LocalFetcher: localfetcher#1 about to shuffle output of map attempt_local92906238_0001_m_000000_0 decomp: 27926097 len: 27926101 to MEMORY
2017-10-22 03:47:10,920 INFO org.apache.hadoop.mapreduce.task.reduce.InMemoryMapOutput: Read 27926097 bytes from map-output for attempt_local92906238_0001_m_000000_0
2017-10-22 03:47:10,920 INFO org.apache.hadoop.mapreduce.task.reduce.MergeManagerImpl: closeInMemoryFile -> map-output of size: 27926097, inMemoryMapOutputs.size() -> 6, commitMemory -> 10779615, usedMemory ->38705712
2017-10-22 03:47:10,921 INFO org.apache.hadoop.mapreduce.task.reduce.EventFetcher: EventFetcher is interrupted.. Returning
2017-10-22 03:47:10,925 INFO org.apache.hadoop.mapred.LocalJobRunner: 6 / 6 copied.
2017-10-22 03:47:10,926 INFO org.apache.hadoop.mapreduce.task.reduce.MergeManagerImpl: finalMerge called with 6 in-memory map-outputs and 0 on-disk map-outputs
2017-10-22 03:47:10,941 INFO org.apache.hadoop.mapred.Merger: Merging 6 sorted segments
2017-10-22 03:47:10,942 INFO org.apache.hadoop.mapred.Merger: Down to the last merge-pass, with 6 segments left of total size: 38705683 bytes
2017-10-22 03:47:12,735 INFO org.apache.hadoop.mapreduce.task.reduce.MergeManagerImpl: Merged 6 segments, 38705712 bytes to disk to satisfy reduce memory limit
2017-10-22 03:47:12,735 INFO org.apache.hadoop.mapreduce.task.reduce.MergeManagerImpl: Merging 1 files, 38705706 bytes from disk
2017-10-22 03:47:12,736 INFO org.apache.hadoop.mapreduce.task.reduce.MergeManagerImpl: Merging 0 segments, 0 bytes from memory into reduce
2017-10-22 03:47:12,737 INFO org.apache.hadoop.mapred.Merger: Merging 1 sorted segments
2017-10-22 03:47:12,738 INFO org.apache.hadoop.mapred.Merger: Down to the last merge-pass, with 1 segments left of total size: 38705698 bytes
2017-10-22 03:47:12,738 INFO org.apache.hadoop.mapred.LocalJobRunner: 6 / 6 copied.
2017-10-22 03:47:12,749 INFO org.apache.hadoop.conf.Configuration.deprecation: mapred.skip.on is deprecated. Instead, use mapreduce.job.skiprecords
2017-10-22 03:47:15,305 INFO org.apache.hadoop.mapred.Task: Task:attempt_local92906238_0001_r_000000_0 is done. And is in the process of committing
2017-10-22 03:47:15,309 INFO org.apache.hadoop.mapred.LocalJobRunner: 6 / 6 copied.
2017-10-22 03:47:15,309 INFO org.apache.hadoop.mapred.Task: Task attempt_local92906238_0001_r_000000_0 is allowed to commit now
2017-10-22 03:47:15,311 INFO org.apache.hadoop.mapreduce.lib.output.FileOutputCommitter: Saved output of task 'attempt_local92906238_0001_r_000000_0' to file:/home/cloudera/workspace/InvertedIndex/output/out1/_temporary/0/task_local92906238_0001_r_000000
2017-10-22 03:47:15,314 INFO org.apache.hadoop.mapred.LocalJobRunner: reduce > reduce
2017-10-22 03:47:15,314 INFO org.apache.hadoop.mapred.Task: Task 'attempt_local92906238_0001_r_000000_0' done.
2017-10-22 03:47:15,314 INFO org.apache.hadoop.mapred.LocalJobRunner: Finishing task: attempt_local92906238_0001_r_000000_0
2017-10-22 03:47:15,315 INFO org.apache.hadoop.mapred.LocalJobRunner: reduce task executor complete.
2017-10-22 03:47:15,657 INFO org.apache.hadoop.mapreduce.Job:  map 100% reduce 100%
2017-10-22 03:47:15,658 INFO org.apache.hadoop.mapreduce.Job: Job job_local92906238_0001 completed successfully
2017-10-22 03:47:15,722 INFO org.apache.hadoop.mapreduce.Job: Counters: 39
	File System Counters
		FILE: Number of bytes read=77432783
		FILE: Number of bytes written=301456870
		FILE: Number of read operations=0
		FILE: Number of large read operations=0
		FILE: Number of write operations=0
		HDFS: Number of bytes read=147554816
		HDFS: Number of bytes written=0
		HDFS: Number of read operations=41
		HDFS: Number of large read operations=0
		HDFS: Number of write operations=0
	Map-Reduce Framework
		Map input records=440478
		Map output records=2009189
		Map output bytes=34687322
		Map output materialized bytes=38705736
		Input split bytes=750
		Combine input records=0
		Combine output records=0
		Reduce input groups=107220
		Reduce shuffle bytes=38705736
		Reduce input records=2009189
		Reduce output records=107220
		Spilled Records=4018378
		Shuffled Maps =6
		Failed Shuffles=0
		Merged Map outputs=6
		GC time elapsed (ms)=558
		CPU time spent (ms)=0
		Physical memory (bytes) snapshot=0
		Virtual memory (bytes) snapshot=0
		Total committed heap usage (bytes)=4041211904
	Shuffle Errors
		BAD_ID=0
		CONNECTION=0
		IO_ERROR=0
		WRONG_LENGTH=0
		WRONG_MAP=0
		WRONG_REDUCE=0
	UpdateCount
		CNT=87330
	File Input Format Counters 
		Bytes Read=22077113
	File Output Format Counters 
		Bytes Written=2522111
2017-10-22 06:30:13,185 WARN org.apache.hadoop.util.NativeCodeLoader: Unable to load native-hadoop library for your platform... using builtin-java classes where applicable
2017-10-22 06:30:14,486 INFO org.apache.hadoop.conf.Configuration.deprecation: session.id is deprecated. Instead, use dfs.metrics.session-id
2017-10-22 06:30:14,488 INFO org.apache.hadoop.metrics.jvm.JvmMetrics: Initializing JVM Metrics with processName=JobTracker, sessionId=
2017-10-22 06:30:14,806 WARN org.apache.hadoop.mapreduce.JobResourceUploader: Hadoop command-line option parsing not performed. Implement the Tool interface and execute your application with ToolRunner to remedy this.
2017-10-22 06:30:14,813 WARN org.apache.hadoop.mapreduce.JobResourceUploader: No job jar file set.  User classes may not be found. See Job or Job#setJar(String).
2017-10-22 06:30:15,043 INFO org.apache.hadoop.mapreduce.lib.input.FileInputFormat: Total input paths to process : 6
2017-10-22 06:30:15,108 INFO org.apache.hadoop.mapreduce.JobSubmitter: number of splits:6
2017-10-22 06:30:15,523 INFO org.apache.hadoop.mapreduce.JobSubmitter: Submitting tokens for job: job_local978084081_0001
2017-10-22 06:30:15,968 INFO org.apache.hadoop.mapreduce.Job: The url to track the job: http://localhost:8080/
2017-10-22 06:30:15,970 INFO org.apache.hadoop.mapreduce.Job: Running job: job_local978084081_0001
2017-10-22 06:30:15,973 INFO org.apache.hadoop.mapred.LocalJobRunner: OutputCommitter set in config null
2017-10-22 06:30:15,982 INFO org.apache.hadoop.mapreduce.lib.output.FileOutputCommitter: File Output Committer Algorithm version is 1
2017-10-22 06:30:15,986 INFO org.apache.hadoop.mapred.LocalJobRunner: OutputCommitter is org.apache.hadoop.mapreduce.lib.output.FileOutputCommitter
2017-10-22 06:30:16,083 INFO org.apache.hadoop.mapred.LocalJobRunner: Waiting for map tasks
2017-10-22 06:30:16,085 INFO org.apache.hadoop.mapred.LocalJobRunner: Starting task: attempt_local978084081_0001_m_000000_0
2017-10-22 06:30:16,130 INFO org.apache.hadoop.mapreduce.lib.output.FileOutputCommitter: File Output Committer Algorithm version is 1
2017-10-22 06:30:16,154 INFO org.apache.hadoop.mapred.Task:  Using ResourceCalculatorProcessTree : [ ]
2017-10-22 06:30:16,162 INFO org.apache.hadoop.mapred.MapTask: Processing split: hdfs://quickstart.cloudera:8020/user/cloudera/ex2/pg3200.txt:0+16013935
2017-10-22 06:30:16,268 INFO org.apache.hadoop.mapred.MapTask: (EQUATOR) 0 kvi 26214396(104857584)
2017-10-22 06:30:16,269 INFO org.apache.hadoop.mapred.MapTask: mapreduce.task.io.sort.mb: 100
2017-10-22 06:30:16,272 INFO org.apache.hadoop.mapred.MapTask: soft limit at 83886080
2017-10-22 06:30:16,273 INFO org.apache.hadoop.mapred.MapTask: bufstart = 0; bufvoid = 104857600
2017-10-22 06:30:16,273 INFO org.apache.hadoop.mapred.MapTask: kvstart = 26214396; length = 6553600
2017-10-22 06:30:16,279 INFO org.apache.hadoop.mapred.MapTask: Map output collector class = org.apache.hadoop.mapred.MapTask$MapOutputBuffer
2017-10-22 06:30:16,410 INFO org.apache.hadoop.mapreduce.lib.input.LineRecordReader: Found UTF-8 BOM and skipped it
2017-10-22 06:30:16,974 INFO org.apache.hadoop.mapreduce.Job: Job job_local978084081_0001 running in uber mode : false
2017-10-22 06:30:16,980 INFO org.apache.hadoop.mapreduce.Job:  map 0% reduce 0%
2017-10-22 06:30:21,145 INFO org.apache.hadoop.mapred.LocalJobRunner: 
2017-10-22 06:30:21,149 INFO org.apache.hadoop.mapred.MapTask: Starting flush of map output
2017-10-22 06:30:21,149 INFO org.apache.hadoop.mapred.MapTask: Spilling map output
2017-10-22 06:30:21,150 INFO org.apache.hadoop.mapred.MapTask: bufstart = 0; bufend = 22969567; bufvoid = 104857600
2017-10-22 06:30:21,150 INFO org.apache.hadoop.mapred.MapTask: kvstart = 26214396(104857584); kvend = 21144272(84577088); length = 5070125/6553600
2017-10-22 06:30:22,157 INFO org.apache.hadoop.mapred.LocalJobRunner: map > sort
2017-10-22 06:30:22,996 INFO org.apache.hadoop.mapreduce.Job:  map 11% reduce 0%
2017-10-22 06:30:23,837 INFO org.apache.hadoop.mapred.MapTask: Finished spill 0
2017-10-22 06:30:23,844 INFO org.apache.hadoop.mapred.Task: Task:attempt_local978084081_0001_m_000000_0 is done. And is in the process of committing
2017-10-22 06:30:23,848 INFO org.apache.hadoop.mapred.LocalJobRunner: map
2017-10-22 06:30:23,849 INFO org.apache.hadoop.mapred.Task: Task 'attempt_local978084081_0001_m_000000_0' done.
2017-10-22 06:30:23,849 INFO org.apache.hadoop.mapred.LocalJobRunner: Finishing task: attempt_local978084081_0001_m_000000_0
2017-10-22 06:30:23,849 INFO org.apache.hadoop.mapred.LocalJobRunner: Starting task: attempt_local978084081_0001_m_000001_0
2017-10-22 06:30:23,852 INFO org.apache.hadoop.mapreduce.lib.output.FileOutputCommitter: File Output Committer Algorithm version is 1
2017-10-22 06:30:23,853 INFO org.apache.hadoop.mapred.Task:  Using ResourceCalculatorProcessTree : [ ]
2017-10-22 06:30:23,855 INFO org.apache.hadoop.mapred.MapTask: Processing split: hdfs://quickstart.cloudera:8020/user/cloudera/ex2/pg100.txt:0+5589889
2017-10-22 06:30:23,889 INFO org.apache.hadoop.mapred.MapTask: (EQUATOR) 0 kvi 26214396(104857584)
2017-10-22 06:30:23,891 INFO org.apache.hadoop.mapred.MapTask: mapreduce.task.io.sort.mb: 100
2017-10-22 06:30:23,892 INFO org.apache.hadoop.mapred.MapTask: soft limit at 83886080
2017-10-22 06:30:23,892 INFO org.apache.hadoop.mapred.MapTask: bufstart = 0; bufvoid = 104857600
2017-10-22 06:30:23,893 INFO org.apache.hadoop.mapred.MapTask: kvstart = 26214396; length = 6553600
2017-10-22 06:30:23,899 INFO org.apache.hadoop.mapred.MapTask: Map output collector class = org.apache.hadoop.mapred.MapTask$MapOutputBuffer
2017-10-22 06:30:23,911 INFO org.apache.hadoop.mapreduce.lib.input.LineRecordReader: Found UTF-8 BOM and skipped it
2017-10-22 06:30:23,998 INFO org.apache.hadoop.mapreduce.Job:  map 100% reduce 0%
2017-10-22 06:30:25,353 INFO org.apache.hadoop.mapred.LocalJobRunner: 
2017-10-22 06:30:25,353 INFO org.apache.hadoop.mapred.MapTask: Starting flush of map output
2017-10-22 06:30:25,353 INFO org.apache.hadoop.mapred.MapTask: Spilling map output
2017-10-22 06:30:25,353 INFO org.apache.hadoop.mapred.MapTask: bufstart = 0; bufend = 7382129; bufvoid = 104857600
2017-10-22 06:30:25,354 INFO org.apache.hadoop.mapred.MapTask: kvstart = 26214396(104857584); kvend = 24440536(97762144); length = 1773861/6553600
2017-10-22 06:30:26,001 INFO org.apache.hadoop.mapreduce.Job:  map 17% reduce 0%
2017-10-22 06:30:26,118 INFO org.apache.hadoop.mapred.MapTask: Finished spill 0
2017-10-22 06:30:26,122 INFO org.apache.hadoop.mapred.Task: Task:attempt_local978084081_0001_m_000001_0 is done. And is in the process of committing
2017-10-22 06:30:26,127 INFO org.apache.hadoop.mapred.LocalJobRunner: map
2017-10-22 06:30:26,128 INFO org.apache.hadoop.mapred.Task: Task 'attempt_local978084081_0001_m_000001_0' done.
2017-10-22 06:30:26,128 INFO org.apache.hadoop.mapred.LocalJobRunner: Finishing task: attempt_local978084081_0001_m_000001_0
2017-10-22 06:30:26,128 INFO org.apache.hadoop.mapred.LocalJobRunner: Starting task: attempt_local978084081_0001_m_000002_0
2017-10-22 06:30:26,131 INFO org.apache.hadoop.mapreduce.lib.output.FileOutputCommitter: File Output Committer Algorithm version is 1
2017-10-22 06:30:26,132 INFO org.apache.hadoop.mapred.Task:  Using ResourceCalculatorProcessTree : [ ]
2017-10-22 06:30:26,134 INFO org.apache.hadoop.mapred.MapTask: Processing split: hdfs://quickstart.cloudera:8020/user/cloudera/ex2/pg2253.txt:0+170344
2017-10-22 06:30:26,165 INFO org.apache.hadoop.mapred.MapTask: (EQUATOR) 0 kvi 26214396(104857584)
2017-10-22 06:30:26,165 INFO org.apache.hadoop.mapred.MapTask: mapreduce.task.io.sort.mb: 100
2017-10-22 06:30:26,165 INFO org.apache.hadoop.mapred.MapTask: soft limit at 83886080
2017-10-22 06:30:26,165 INFO org.apache.hadoop.mapred.MapTask: bufstart = 0; bufvoid = 104857600
2017-10-22 06:30:26,165 INFO org.apache.hadoop.mapred.MapTask: kvstart = 26214396; length = 6553600
2017-10-22 06:30:26,167 INFO org.apache.hadoop.mapred.MapTask: Map output collector class = org.apache.hadoop.mapred.MapTask$MapOutputBuffer
2017-10-22 06:30:26,179 INFO org.apache.hadoop.mapreduce.lib.input.LineRecordReader: Found UTF-8 BOM and skipped it
2017-10-22 06:30:26,227 INFO org.apache.hadoop.mapred.LocalJobRunner: 
2017-10-22 06:30:26,227 INFO org.apache.hadoop.mapred.MapTask: Starting flush of map output
2017-10-22 06:30:26,227 INFO org.apache.hadoop.mapred.MapTask: Spilling map output
2017-10-22 06:30:26,227 INFO org.apache.hadoop.mapred.MapTask: bufstart = 0; bufend = 265687; bufvoid = 104857600
2017-10-22 06:30:26,228 INFO org.apache.hadoop.mapred.MapTask: kvstart = 26214396(104857584); kvend = 26154356(104617424); length = 60041/6553600
2017-10-22 06:30:26,254 INFO org.apache.hadoop.mapred.MapTask: Finished spill 0
2017-10-22 06:30:26,257 INFO org.apache.hadoop.mapred.Task: Task:attempt_local978084081_0001_m_000002_0 is done. And is in the process of committing
2017-10-22 06:30:26,261 INFO org.apache.hadoop.mapred.LocalJobRunner: map
2017-10-22 06:30:26,261 INFO org.apache.hadoop.mapred.Task: Task 'attempt_local978084081_0001_m_000002_0' done.
2017-10-22 06:30:26,261 INFO org.apache.hadoop.mapred.LocalJobRunner: Finishing task: attempt_local978084081_0001_m_000002_0
2017-10-22 06:30:26,262 INFO org.apache.hadoop.mapred.LocalJobRunner: Starting task: attempt_local978084081_0001_m_000003_0
2017-10-22 06:30:26,264 INFO org.apache.hadoop.mapreduce.lib.output.FileOutputCommitter: File Output Committer Algorithm version is 1
2017-10-22 06:30:26,265 INFO org.apache.hadoop.mapred.Task:  Using ResourceCalculatorProcessTree : [ ]
2017-10-22 06:30:26,268 INFO org.apache.hadoop.mapred.MapTask: Processing split: hdfs://quickstart.cloudera:8020/user/cloudera/ex2/pg1513.txt:0+159369
2017-10-22 06:30:26,296 INFO org.apache.hadoop.mapred.MapTask: (EQUATOR) 0 kvi 26214396(104857584)
2017-10-22 06:30:26,296 INFO org.apache.hadoop.mapred.MapTask: mapreduce.task.io.sort.mb: 100
2017-10-22 06:30:26,296 INFO org.apache.hadoop.mapred.MapTask: soft limit at 83886080
2017-10-22 06:30:26,296 INFO org.apache.hadoop.mapred.MapTask: bufstart = 0; bufvoid = 104857600
2017-10-22 06:30:26,296 INFO org.apache.hadoop.mapred.MapTask: kvstart = 26214396; length = 6553600
2017-10-22 06:30:26,298 INFO org.apache.hadoop.mapred.MapTask: Map output collector class = org.apache.hadoop.mapred.MapTask$MapOutputBuffer
2017-10-22 06:30:26,308 INFO org.apache.hadoop.mapreduce.lib.input.LineRecordReader: Found UTF-8 BOM and skipped it
2017-10-22 06:30:26,352 INFO org.apache.hadoop.mapred.LocalJobRunner: 
2017-10-22 06:30:26,353 INFO org.apache.hadoop.mapred.MapTask: Starting flush of map output
2017-10-22 06:30:26,353 INFO org.apache.hadoop.mapred.MapTask: Spilling map output
2017-10-22 06:30:26,353 INFO org.apache.hadoop.mapred.MapTask: bufstart = 0; bufend = 246133; bufvoid = 104857600
2017-10-22 06:30:26,353 INFO org.apache.hadoop.mapred.MapTask: kvstart = 26214396(104857584); kvend = 26158212(104632848); length = 56185/6553600
2017-10-22 06:30:26,378 INFO org.apache.hadoop.mapred.MapTask: Finished spill 0
2017-10-22 06:30:26,381 INFO org.apache.hadoop.mapred.Task: Task:attempt_local978084081_0001_m_000003_0 is done. And is in the process of committing
2017-10-22 06:30:26,385 INFO org.apache.hadoop.mapred.LocalJobRunner: map
2017-10-22 06:30:26,385 INFO org.apache.hadoop.mapred.Task: Task 'attempt_local978084081_0001_m_000003_0' done.
2017-10-22 06:30:26,385 INFO org.apache.hadoop.mapred.LocalJobRunner: Finishing task: attempt_local978084081_0001_m_000003_0
2017-10-22 06:30:26,386 INFO org.apache.hadoop.mapred.LocalJobRunner: Starting task: attempt_local978084081_0001_m_000004_0
2017-10-22 06:30:26,388 INFO org.apache.hadoop.mapreduce.lib.output.FileOutputCommitter: File Output Committer Algorithm version is 1
2017-10-22 06:30:26,390 INFO org.apache.hadoop.mapred.Task:  Using ResourceCalculatorProcessTree : [ ]
2017-10-22 06:30:26,392 INFO org.apache.hadoop.mapred.MapTask: Processing split: hdfs://quickstart.cloudera:8020/user/cloudera/ex2/pg1120.txt:0+141589
2017-10-22 06:30:26,423 INFO org.apache.hadoop.mapred.MapTask: (EQUATOR) 0 kvi 26214396(104857584)
2017-10-22 06:30:26,425 INFO org.apache.hadoop.mapred.MapTask: mapreduce.task.io.sort.mb: 100
2017-10-22 06:30:26,426 INFO org.apache.hadoop.mapred.MapTask: soft limit at 83886080
2017-10-22 06:30:26,427 INFO org.apache.hadoop.mapred.MapTask: bufstart = 0; bufvoid = 104857600
2017-10-22 06:30:26,427 INFO org.apache.hadoop.mapred.MapTask: kvstart = 26214396; length = 6553600
2017-10-22 06:30:26,429 INFO org.apache.hadoop.mapred.MapTask: Map output collector class = org.apache.hadoop.mapred.MapTask$MapOutputBuffer
2017-10-22 06:30:26,438 INFO org.apache.hadoop.mapreduce.lib.input.LineRecordReader: Found UTF-8 BOM and skipped it
2017-10-22 06:30:26,473 INFO org.apache.hadoop.mapred.LocalJobRunner: 
2017-10-22 06:30:26,473 INFO org.apache.hadoop.mapred.MapTask: Starting flush of map output
2017-10-22 06:30:26,473 INFO org.apache.hadoop.mapred.MapTask: Spilling map output
2017-10-22 06:30:26,474 INFO org.apache.hadoop.mapred.MapTask: bufstart = 0; bufend = 196790; bufvoid = 104857600
2017-10-22 06:30:26,474 INFO org.apache.hadoop.mapred.MapTask: kvstart = 26214396(104857584); kvend = 26169996(104679984); length = 44401/6553600
2017-10-22 06:30:26,497 INFO org.apache.hadoop.mapred.MapTask: Finished spill 0
2017-10-22 06:30:26,500 INFO org.apache.hadoop.mapred.Task: Task:attempt_local978084081_0001_m_000004_0 is done. And is in the process of committing
2017-10-22 06:30:26,504 INFO org.apache.hadoop.mapred.LocalJobRunner: map
2017-10-22 06:30:26,505 INFO org.apache.hadoop.mapred.Task: Task 'attempt_local978084081_0001_m_000004_0' done.
2017-10-22 06:30:26,505 INFO org.apache.hadoop.mapred.LocalJobRunner: Finishing task: attempt_local978084081_0001_m_000004_0
2017-10-22 06:30:26,505 INFO org.apache.hadoop.mapred.LocalJobRunner: Starting task: attempt_local978084081_0001_m_000005_0
2017-10-22 06:30:26,508 INFO org.apache.hadoop.mapreduce.lib.output.FileOutputCommitter: File Output Committer Algorithm version is 1
2017-10-22 06:30:26,509 INFO org.apache.hadoop.mapred.Task:  Using ResourceCalculatorProcessTree : [ ]
2017-10-22 06:30:26,513 INFO org.apache.hadoop.mapred.MapTask: Processing split: hdfs://quickstart.cloudera:8020/user/cloudera/ex2/pg31100.txt:0+1987
2017-10-22 06:30:26,541 INFO org.apache.hadoop.mapred.MapTask: (EQUATOR) 0 kvi 26214396(104857584)
2017-10-22 06:30:26,541 INFO org.apache.hadoop.mapred.MapTask: mapreduce.task.io.sort.mb: 100
2017-10-22 06:30:26,541 INFO org.apache.hadoop.mapred.MapTask: soft limit at 83886080
2017-10-22 06:30:26,542 INFO org.apache.hadoop.mapred.MapTask: bufstart = 0; bufvoid = 104857600
2017-10-22 06:30:26,542 INFO org.apache.hadoop.mapred.MapTask: kvstart = 26214396; length = 6553600
2017-10-22 06:30:26,543 INFO org.apache.hadoop.mapred.MapTask: Map output collector class = org.apache.hadoop.mapred.MapTask$MapOutputBuffer
2017-10-22 06:30:26,557 INFO org.apache.hadoop.mapreduce.lib.input.LineRecordReader: Found UTF-8 BOM and skipped it
2017-10-22 06:30:26,560 INFO org.apache.hadoop.mapred.LocalJobRunner: 
2017-10-22 06:30:26,560 INFO org.apache.hadoop.mapred.MapTask: Starting flush of map output
2017-10-22 06:30:26,560 INFO org.apache.hadoop.mapred.MapTask: Spilling map output
2017-10-22 06:30:26,560 INFO org.apache.hadoop.mapred.MapTask: bufstart = 0; bufend = 3078; bufvoid = 104857600
2017-10-22 06:30:26,560 INFO org.apache.hadoop.mapred.MapTask: kvstart = 26214396(104857584); kvend = 26213756(104855024); length = 641/6553600
2017-10-22 06:30:26,563 INFO org.apache.hadoop.mapred.MapTask: Finished spill 0
2017-10-22 06:30:26,566 INFO org.apache.hadoop.mapred.Task: Task:attempt_local978084081_0001_m_000005_0 is done. And is in the process of committing
2017-10-22 06:30:26,570 INFO org.apache.hadoop.mapred.LocalJobRunner: map
2017-10-22 06:30:26,570 INFO org.apache.hadoop.mapred.Task: Task 'attempt_local978084081_0001_m_000005_0' done.
2017-10-22 06:30:26,570 INFO org.apache.hadoop.mapred.LocalJobRunner: Finishing task: attempt_local978084081_0001_m_000005_0
2017-10-22 06:30:26,570 INFO org.apache.hadoop.mapred.LocalJobRunner: map task executor complete.
2017-10-22 06:30:26,576 INFO org.apache.hadoop.mapred.LocalJobRunner: Waiting for reduce tasks
2017-10-22 06:30:26,577 INFO org.apache.hadoop.mapred.LocalJobRunner: Starting task: attempt_local978084081_0001_r_000000_0
2017-10-22 06:30:26,592 INFO org.apache.hadoop.mapreduce.lib.output.FileOutputCommitter: File Output Committer Algorithm version is 1
2017-10-22 06:30:26,593 INFO org.apache.hadoop.mapred.Task:  Using ResourceCalculatorProcessTree : [ ]
2017-10-22 06:30:26,597 INFO org.apache.hadoop.mapred.ReduceTask: Using ShuffleConsumerPlugin: org.apache.hadoop.mapreduce.task.reduce.Shuffle@7a595279
2017-10-22 06:30:26,615 INFO org.apache.hadoop.mapreduce.task.reduce.MergeManagerImpl: MergerManager: memoryLimit=625003712, maxSingleShuffleLimit=156250928, mergeThreshold=412502464, ioSortFactor=10, memToMemMergeOutputsThreshold=10
2017-10-22 06:30:26,619 INFO org.apache.hadoop.mapreduce.task.reduce.EventFetcher: attempt_local978084081_0001_r_000000_0 Thread started: EventFetcher for fetching Map Completion Events
2017-10-22 06:30:26,682 INFO org.apache.hadoop.mapreduce.task.reduce.LocalFetcher: localfetcher#1 about to shuffle output of map attempt_local978084081_0001_m_000005_0 decomp: 3402 len: 3406 to MEMORY
2017-10-22 06:30:26,689 INFO org.apache.hadoop.mapreduce.task.reduce.InMemoryMapOutput: Read 3402 bytes from map-output for attempt_local978084081_0001_m_000005_0
2017-10-22 06:30:26,693 INFO org.apache.hadoop.mapreduce.task.reduce.MergeManagerImpl: closeInMemoryFile -> map-output of size: 3402, inMemoryMapOutputs.size() -> 1, commitMemory -> 0, usedMemory ->3402
2017-10-22 06:30:26,699 INFO org.apache.hadoop.mapreduce.task.reduce.LocalFetcher: localfetcher#1 about to shuffle output of map attempt_local978084081_0001_m_000002_0 decomp: 295711 len: 295715 to MEMORY
2017-10-22 06:30:26,701 INFO org.apache.hadoop.mapreduce.task.reduce.InMemoryMapOutput: Read 295711 bytes from map-output for attempt_local978084081_0001_m_000002_0
2017-10-22 06:30:26,701 INFO org.apache.hadoop.mapreduce.task.reduce.MergeManagerImpl: closeInMemoryFile -> map-output of size: 295711, inMemoryMapOutputs.size() -> 2, commitMemory -> 3402, usedMemory ->299113
2017-10-22 06:30:26,705 INFO org.apache.hadoop.mapreduce.task.reduce.LocalFetcher: localfetcher#1 about to shuffle output of map attempt_local978084081_0001_m_000003_0 decomp: 274229 len: 274233 to MEMORY
2017-10-22 06:30:26,706 INFO org.apache.hadoop.mapreduce.task.reduce.InMemoryMapOutput: Read 274229 bytes from map-output for attempt_local978084081_0001_m_000003_0
2017-10-22 06:30:26,707 INFO org.apache.hadoop.mapreduce.task.reduce.MergeManagerImpl: closeInMemoryFile -> map-output of size: 274229, inMemoryMapOutputs.size() -> 3, commitMemory -> 299113, usedMemory ->573342
2017-10-22 06:30:26,712 INFO org.apache.hadoop.mapreduce.task.reduce.LocalFetcher: localfetcher#1 about to shuffle output of map attempt_local978084081_0001_m_000001_0 decomp: 8269063 len: 8269067 to MEMORY
2017-10-22 06:30:26,736 INFO org.apache.hadoop.mapreduce.task.reduce.InMemoryMapOutput: Read 8269063 bytes from map-output for attempt_local978084081_0001_m_000001_0
2017-10-22 06:30:26,736 INFO org.apache.hadoop.mapreduce.task.reduce.MergeManagerImpl: closeInMemoryFile -> map-output of size: 8269063, inMemoryMapOutputs.size() -> 4, commitMemory -> 573342, usedMemory ->8842405
2017-10-22 06:30:26,747 INFO org.apache.hadoop.mapreduce.task.reduce.LocalFetcher: localfetcher#1 about to shuffle output of map attempt_local978084081_0001_m_000000_0 decomp: 25504633 len: 25504637 to MEMORY
2017-10-22 06:30:26,816 INFO org.apache.hadoop.mapreduce.task.reduce.InMemoryMapOutput: Read 25504633 bytes from map-output for attempt_local978084081_0001_m_000000_0
2017-10-22 06:30:26,816 INFO org.apache.hadoop.mapreduce.task.reduce.MergeManagerImpl: closeInMemoryFile -> map-output of size: 25504633, inMemoryMapOutputs.size() -> 5, commitMemory -> 8842405, usedMemory ->34347038
2017-10-22 06:30:26,820 INFO org.apache.hadoop.mapreduce.task.reduce.LocalFetcher: localfetcher#1 about to shuffle output of map attempt_local978084081_0001_m_000004_0 decomp: 218994 len: 218998 to MEMORY
2017-10-22 06:30:26,821 INFO org.apache.hadoop.mapreduce.task.reduce.InMemoryMapOutput: Read 218994 bytes from map-output for attempt_local978084081_0001_m_000004_0
2017-10-22 06:30:26,822 INFO org.apache.hadoop.mapreduce.task.reduce.MergeManagerImpl: closeInMemoryFile -> map-output of size: 218994, inMemoryMapOutputs.size() -> 6, commitMemory -> 34347038, usedMemory ->34566032
2017-10-22 06:30:26,823 INFO org.apache.hadoop.mapreduce.task.reduce.EventFetcher: EventFetcher is interrupted.. Returning
2017-10-22 06:30:26,829 INFO org.apache.hadoop.mapred.LocalJobRunner: 6 / 6 copied.
2017-10-22 06:30:26,829 INFO org.apache.hadoop.mapreduce.task.reduce.MergeManagerImpl: finalMerge called with 6 in-memory map-outputs and 0 on-disk map-outputs
2017-10-22 06:30:26,844 INFO org.apache.hadoop.mapred.Merger: Merging 6 sorted segments
2017-10-22 06:30:26,846 INFO org.apache.hadoop.mapred.Merger: Down to the last merge-pass, with 6 segments left of total size: 34565983 bytes
2017-10-22 06:30:27,003 INFO org.apache.hadoop.mapreduce.Job:  map 100% reduce 0%
2017-10-22 06:30:28,468 INFO org.apache.hadoop.mapreduce.task.reduce.MergeManagerImpl: Merged 6 segments, 34566032 bytes to disk to satisfy reduce memory limit
2017-10-22 06:30:28,469 INFO org.apache.hadoop.mapreduce.task.reduce.MergeManagerImpl: Merging 1 files, 34566026 bytes from disk
2017-10-22 06:30:28,470 INFO org.apache.hadoop.mapreduce.task.reduce.MergeManagerImpl: Merging 0 segments, 0 bytes from memory into reduce
2017-10-22 06:30:28,470 INFO org.apache.hadoop.mapred.Merger: Merging 1 sorted segments
2017-10-22 06:30:28,471 INFO org.apache.hadoop.mapred.Merger: Down to the last merge-pass, with 1 segments left of total size: 34566016 bytes
2017-10-22 06:30:28,472 INFO org.apache.hadoop.mapred.LocalJobRunner: 6 / 6 copied.
2017-10-22 06:30:28,481 INFO org.apache.hadoop.conf.Configuration.deprecation: mapred.skip.on is deprecated. Instead, use mapreduce.job.skiprecords
2017-10-22 06:30:30,823 INFO org.apache.hadoop.mapred.Task: Task:attempt_local978084081_0001_r_000000_0 is done. And is in the process of committing
2017-10-22 06:30:30,828 INFO org.apache.hadoop.mapred.LocalJobRunner: 6 / 6 copied.
2017-10-22 06:30:30,828 INFO org.apache.hadoop.mapred.Task: Task attempt_local978084081_0001_r_000000_0 is allowed to commit now
2017-10-22 06:30:30,830 INFO org.apache.hadoop.mapreduce.lib.output.FileOutputCommitter: Saved output of task 'attempt_local978084081_0001_r_000000_0' to file:/home/cloudera/workspace/InvertedIndex/output/out1/_temporary/0/task_local978084081_0001_r_000000
2017-10-22 06:30:30,834 INFO org.apache.hadoop.mapred.LocalJobRunner: reduce > reduce
2017-10-22 06:30:30,834 INFO org.apache.hadoop.mapred.Task: Task 'attempt_local978084081_0001_r_000000_0' done.
2017-10-22 06:30:30,835 INFO org.apache.hadoop.mapred.LocalJobRunner: Finishing task: attempt_local978084081_0001_r_000000_0
2017-10-22 06:30:30,835 INFO org.apache.hadoop.mapred.LocalJobRunner: reduce task executor complete.
2017-10-22 06:30:31,008 INFO org.apache.hadoop.mapreduce.Job:  map 100% reduce 100%
2017-10-22 06:30:31,011 INFO org.apache.hadoop.mapreduce.Job: Job job_local978084081_0001 completed successfully
2017-10-22 06:30:31,073 INFO org.apache.hadoop.mapreduce.Job: Counters: 39
	File System Counters
		FILE: Number of bytes read=69153423
		FILE: Number of bytes written=269983548
		FILE: Number of read operations=0
		FILE: Number of large read operations=0
		FILE: Number of write operations=0
		HDFS: Number of bytes read=147554816
		HDFS: Number of bytes written=0
		HDFS: Number of read operations=41
		HDFS: Number of large read operations=0
		HDFS: Number of write operations=0
	Map-Reduce Framework
		Map input records=440478
		Map output records=1751318
		Map output bytes=31063384
		Map output materialized bytes=34566056
		Input split bytes=750
		Combine input records=0
		Combine output records=0
		Reduce input groups=90868
		Reduce shuffle bytes=34566056
		Reduce input records=1751318
		Reduce output records=90868
		Spilled Records=3502636
		Shuffled Maps =6
		Failed Shuffles=0
		Merged Map outputs=6
		GC time elapsed (ms)=381
		CPU time spent (ms)=0
		Physical memory (bytes) snapshot=0
		Virtual memory (bytes) snapshot=0
		Total committed heap usage (bytes)=3802136576
	Shuffle Errors
		BAD_ID=0
		CONNECTION=0
		IO_ERROR=0
		WRONG_LENGTH=0
		WRONG_MAP=0
		WRONG_REDUCE=0
	UpdateCount
		CNT=73661
	File Input Format Counters 
		Bytes Read=22077113
	File Output Format Counters 
		Bytes Written=2174665
